[2026-02-07T22:04:18.100+0000] {local_task_job_runner.py:123} INFO - ::group::Pre task execution logs
[2026-02-07T22:04:18.111+0000] {taskinstance.py:2612} INFO - Dependencies all met for dep_context=non-requeueable deps ti=<TaskInstance: Airflow_Lab2_Flask.start_Flask_API manual__2026-02-07T22:04:10.667705+00:00 [queued]>
[2026-02-07T22:04:18.116+0000] {taskinstance.py:2612} INFO - Dependencies all met for dep_context=requeueable deps ti=<TaskInstance: Airflow_Lab2_Flask.start_Flask_API manual__2026-02-07T22:04:10.667705+00:00 [queued]>
[2026-02-07T22:04:18.124+0000] {taskinstance.py:2865} INFO - Starting attempt 1 of 1
[2026-02-07T22:04:18.150+0000] {taskinstance.py:2888} INFO - Executing <Task(PythonOperator): start_Flask_API> on 2026-02-07 22:04:10.667705+00:00
[2026-02-07T22:04:18.153+0000] {warnings.py:112} WARNING - /home/***/.local/lib/python3.12/site-packages/***/task/task_runner/standard_task_runner.py:70: DeprecationWarning: This process (pid=295) is multi-threaded, use of fork() may lead to deadlocks in the child.
  pid = os.fork()

[2026-02-07T22:04:18.154+0000] {standard_task_runner.py:72} INFO - Started process 296 to run task
[2026-02-07T22:04:18.154+0000] {standard_task_runner.py:104} INFO - Running: ['***', 'tasks', 'run', 'Airflow_Lab2_Flask', 'start_Flask_API', 'manual__2026-02-07T22:04:10.667705+00:00', '--job-id', '23', '--raw', '--subdir', 'DAGS_FOLDER/Flask_API.py', '--cfg-path', '/tmp/tmpmp8_0wvl']
[2026-02-07T22:04:18.156+0000] {standard_task_runner.py:105} INFO - Job 23: Subtask start_Flask_API
[2026-02-07T22:04:18.200+0000] {task_command.py:467} INFO - Running <TaskInstance: Airflow_Lab2_Flask.start_Flask_API manual__2026-02-07T22:04:10.667705+00:00 [running]> on host 6bd310ee7171
[2026-02-07T22:04:18.254+0000] {taskinstance.py:3131} INFO - Exporting env vars: AIRFLOW_CTX_DAG_OWNER='***' AIRFLOW_CTX_DAG_ID='Airflow_Lab2_Flask' AIRFLOW_CTX_TASK_ID='start_Flask_API' AIRFLOW_CTX_EXECUTION_DATE='2026-02-07T22:04:10.667705+00:00' AIRFLOW_CTX_TRY_NUMBER='1' AIRFLOW_CTX_DAG_RUN_ID='manual__2026-02-07T22:04:10.667705+00:00'
[2026-02-07T22:04:18.255+0000] {taskinstance.py:731} INFO - ::endgroup::
[2026-02-07T22:04:18.264+0000] {logging_mixin.py:190} INFO - Starting Flask on 0.0.0.0:5555 ...
[2026-02-07T22:04:18.268+0000] {logging_mixin.py:190} INFO -  * Serving Flask app 'unusual_prefix_fb1fa9258fa1ad786b4829a3672e98fa2e7542a0_Flask_API'
[2026-02-07T22:04:18.268+0000] {logging_mixin.py:190} INFO -  * Debug mode: off
[2026-02-07T22:04:18.268+0000] {logging_mixin.py:190} WARNING - Address already in use
[2026-02-07T22:04:18.269+0000] {logging_mixin.py:190} WARNING - Port 5555 is in use by another program. Either identify and stop that program, or start the server with a different port.
[2026-02-07T22:04:18.269+0000] {taskinstance.py:3312} ERROR - Task failed due to SystemExit(1)
[2026-02-07T22:04:18.273+0000] {taskinstance.py:1225} INFO - Marking task as FAILED. dag_id=Airflow_Lab2_Flask, task_id=start_Flask_API, run_id=manual__2026-02-07T22:04:10.667705+00:00, execution_date=20260207T220410, start_date=20260207T220418, end_date=20260207T220418
[2026-02-07T22:04:18.278+0000] {taskinstance.py:340} INFO - ::group::Post task execution logs
[2026-02-07T22:04:18.279+0000] {standard_task_runner.py:124} ERROR - Failed to execute job 23 for task start_Flask_API (Task failed due to SystemExit(1); 296)
Traceback (most recent call last):
  File "/home/airflow/.local/lib/python3.12/site-packages/werkzeug/serving.py", line 710, in __init__
    self.server_bind()
  File "/usr/local/lib/python3.12/http/server.py", line 136, in server_bind
    socketserver.TCPServer.server_bind(self)
  File "/usr/local/lib/python3.12/socketserver.py", line 473, in server_bind
    self.socket.bind(self.server_address)
OSError: [Errno 98] Address already in use

During handling of the above exception, another exception occurred:

Traceback (most recent call last):
  File "/home/airflow/.local/lib/python3.12/site-packages/airflow/models/taskinstance.py", line 273, in _run_raw_task
    TaskInstance._execute_task_with_callbacks(
  File "/home/airflow/.local/lib/python3.12/site-packages/airflow/models/taskinstance.py", line 3158, in _execute_task_with_callbacks
    result = self._execute_task(context, task_orig)
             ^^^^^^^^^^^^^^^^^^^^^^^^^^^^^^^^^^^^^^
  File "/home/airflow/.local/lib/python3.12/site-packages/airflow/models/taskinstance.py", line 3182, in _execute_task
    return _execute_task(self, context, task_orig)
           ^^^^^^^^^^^^^^^^^^^^^^^^^^^^^^^^^^^^^^^
  File "/home/airflow/.local/lib/python3.12/site-packages/airflow/models/taskinstance.py", line 767, in _execute_task
    result = _execute_callable(context=context, **execute_callable_kwargs)
             ^^^^^^^^^^^^^^^^^^^^^^^^^^^^^^^^^^^^^^^^^^^^^^^^^^^^^^^^^^^^^
  File "/home/airflow/.local/lib/python3.12/site-packages/airflow/models/taskinstance.py", line 733, in _execute_callable
    return ExecutionCallableRunner(
           ^^^^^^^^^^^^^^^^^^^^^^^^
  File "/home/airflow/.local/lib/python3.12/site-packages/airflow/utils/operator_helpers.py", line 252, in run
    return self.func(*args, **kwargs)
           ^^^^^^^^^^^^^^^^^^^^^^^^^^
  File "/home/airflow/.local/lib/python3.12/site-packages/airflow/models/baseoperator.py", line 406, in wrapper
    return func(self, *args, **kwargs)
           ^^^^^^^^^^^^^^^^^^^^^^^^^^^
  File "/home/airflow/.local/lib/python3.12/site-packages/airflow/operators/python.py", line 238, in execute
    return_value = self.execute_callable()
                   ^^^^^^^^^^^^^^^^^^^^^^^
  File "/home/airflow/.local/lib/python3.12/site-packages/airflow/operators/python.py", line 256, in execute_callable
    return runner.run(*self.op_args, **self.op_kwargs)
           ^^^^^^^^^^^^^^^^^^^^^^^^^^^^^^^^^^^^^^^^^^^
  File "/home/airflow/.local/lib/python3.12/site-packages/airflow/utils/operator_helpers.py", line 252, in run
    return self.func(*args, **kwargs)
           ^^^^^^^^^^^^^^^^^^^^^^^^^^
  File "/opt/airflow/dags/Flask_API.py", line 97, in start_flask_app
    app.run(host="0.0.0.0", port=5555, use_reloader=False)
  File "/home/airflow/.local/lib/python3.12/site-packages/flask/app.py", line 1191, in run
    run_simple(t.cast(str, host), port, self, **options)
  File "/home/airflow/.local/lib/python3.12/site-packages/werkzeug/serving.py", line 1037, in run_simple
    srv = make_server(
          ^^^^^^^^^^^^
  File "/home/airflow/.local/lib/python3.12/site-packages/werkzeug/serving.py", line 877, in make_server
    return ThreadedWSGIServer(
           ^^^^^^^^^^^^^^^^^^^
  File "/home/airflow/.local/lib/python3.12/site-packages/werkzeug/serving.py", line 733, in __init__
    sys.exit(1)
  File "/home/airflow/.local/lib/python3.12/site-packages/billiard/pool.py", line 282, in exit
    return _exit(status)
           ^^^^^^^^^^^^^
SystemExit: 1

During handling of the above exception, another exception occurred:

Traceback (most recent call last):
  File "/home/airflow/.local/lib/python3.12/site-packages/airflow/task/task_runner/standard_task_runner.py", line 117, in _start_by_fork
    ret = args.func(args, dag=self.dag)
          ^^^^^^^^^^^^^^^^^^^^^^^^^^^^^
  File "/home/airflow/.local/lib/python3.12/site-packages/airflow/cli/cli_config.py", line 49, in command
    return func(*args, **kwargs)
           ^^^^^^^^^^^^^^^^^^^^^
  File "/home/airflow/.local/lib/python3.12/site-packages/airflow/utils/cli.py", line 115, in wrapper
    return f(*args, **kwargs)
           ^^^^^^^^^^^^^^^^^^
  File "/home/airflow/.local/lib/python3.12/site-packages/airflow/cli/commands/task_command.py", line 483, in task_run
    task_return_code = _run_task_by_selected_method(args, _dag, ti)
                       ^^^^^^^^^^^^^^^^^^^^^^^^^^^^^^^^^^^^^^^^^^^^
  File "/home/airflow/.local/lib/python3.12/site-packages/airflow/cli/commands/task_command.py", line 256, in _run_task_by_selected_method
    return _run_raw_task(args, ti)
           ^^^^^^^^^^^^^^^^^^^^^^^
  File "/home/airflow/.local/lib/python3.12/site-packages/airflow/cli/commands/task_command.py", line 341, in _run_raw_task
    return ti._run_raw_task(
           ^^^^^^^^^^^^^^^^^
  File "/home/airflow/.local/lib/python3.12/site-packages/airflow/utils/session.py", line 97, in wrapper
    return func(*args, session=session, **kwargs)
           ^^^^^^^^^^^^^^^^^^^^^^^^^^^^^^^^^^^^^^
  File "/home/airflow/.local/lib/python3.12/site-packages/airflow/models/taskinstance.py", line 3004, in _run_raw_task
    return _run_raw_task(
           ^^^^^^^^^^^^^^
  File "/home/airflow/.local/lib/python3.12/site-packages/airflow/models/taskinstance.py", line 334, in _run_raw_task
    raise AirflowException(msg)
airflow.exceptions.AirflowException: Task failed due to SystemExit(1)
[2026-02-07T22:04:18.294+0000] {local_task_job_runner.py:266} INFO - Task exited with return code 1
[2026-02-07T22:04:18.303+0000] {taskinstance.py:3900} INFO - 0 downstream tasks scheduled from follow-on schedule check
[2026-02-07T22:04:18.304+0000] {local_task_job_runner.py:245} INFO - ::endgroup::
